(90, 'PCD', 'EBSHRIS', 'Email', 'Update', 'HUYND', 'dan.huynh@itlab.pega.com', 'ERROR', 'The given value 1211 for option emailType is invalid.null\n Failed record info: {PerEmail/emailType=1211, PerEmail/personIdExternal=HUYND, PerEmail/emailAddress=dan.huynh@itlab.pega.com, PerEmail/isPrimary=true}. \n  for Key PerEmail/emailType=1211,PerEmai+')
(15, 'Time', 'EBSHRIS', 'Timesheet', 'Submission', None, None, 'ERROR', 'Save batch MDF object failed! 0:You cannot take 8 hours because you have no balance left. with the index 0')
(10, 'huynd@pegasystems.com', 'EBSHRIS', 'Email', 'Update', None, None, 'NOTAUTH', 'Not Authorized for Service')
(6, 'Time', 'EBSHRIS', 'Timesheet', 'Submission', None, None, 'ERROR', 'Save batch MDF object failed! 0:Time type Short Term Disability - United States is not assigned for Gosia Andruszkiewicz on 01/04/2017. with the index 0')
(5, 'SalesComp', 'EBSHRIS', 'Email', 'Update', None, None, 'NOTAUTH', 'Not Authorized for Service')
(5, 'Time', 'EBSHRIS', 'Timesheet', 'Submission', None, None, 'ERROR', "Save batch MDF object failed! 0:Your requested time off must include at least one workday. Please change the dates you've entered accordingly. with the index 0")
(5, 'SalesComp', 'EBSHRIS', 'Resource', 'Hierarchy', None, None, 'FAILURE', '** There was a problem getting a list: code: 241 SQLState: S0001 Message: Conversion failed when converting date and/or time from character string.')
(2, 'Time', 'EBSHRIS', 'Timesheet', 'Submission', None, None, 'NOTAUTH', 'Not Authorized for Service')
(2, 'SalesComp', 'EBSHRIS', 'Resource', 'Hierarchy', None, None, 'UNKNOWNERROR', 'the HTTP response code of 500 indicated a server error. The response data may contain a reason.')
(2, 'SalesComp', 'EBSHRIS', 'Timesheet', 'TimeTypes', None, None, 'NOTAUTH', 'Not Authorized for Service')
(2, 'SalesComp', 'EBSHRIS', 'Resource', 'Hierarchy', None, None, 'CONNTIMEOUTERROR', 'Host did not accept connection within timeout Read timed out')
(2, 'SalesComp', 'EBSHRIS', 'Resource', 'Hierarchy', None, None, 'FAILURE', '** ** Fail: not found')
(1, 'RMS', 'EBSHRIS', 'NewHire', 'Create', None, None, 'NOTAUTH', 'Not Authorized for Service')
(1, 'RMS', 'EBSHRIS', 'Timesheet', 'TimeTypes', None, None, 'NOTAUTH', 'Not Authorized for Service')
(1, 'huynd@pegasystems.com', 'EBSHRIS', 'NewHire', 'Create', None, None, 'NOTAUTH', 'Not Authorized for Service')
(1, 'huynd@pegasystems.com', 'EBSHRIS', 'Timesheet', 'TimeTypes', None, None, 'NOTAUTH', 'Not Authorized for Service')
(1, 'mayeda@pegasystems.com', 'EBSHRIS', 'Timesheet', 'TimeBalances', None, None, 'NOTAUTH', 'Not Authorized for Service')
(1, 'thals@pegasystems.com', 'EBSHRIS', 'Resource', 'Hierarchy', None, None, 'NOTAUTH', 'Not Authorized for Service')
(1, 'Time', 'EBSHRIS', 'Timesheet', 'Submission', None, None, 'ERROR', "Save batch MDF object failed! 0:Sorry, but you can't book this time off as there is no valid time account. with the index 0")
(1, 'Time', 'EBSHRIS', 'Timesheet', 'Submission', None, None, 'ERROR', 'Save batch MDF object failed! 0:There are already absences for Saritha Bejoy in period 11/02/2017 - 11/02/2017, so this posting is not possible. with the index 0')
(1, 'SalesComp', 'EBSHRIS', 'Resource', 'Hierarchy', None, None, 'INPUTERROR', 'EmpID and AsOfDate are required')
